<?xml version="1.0" encoding="UTF-8"?>
<!-- Generated by org.testng.reporters.JUnitReportReporter -->
<testsuite hostname="DESKTOP-3PERPIQ" failures="0" tests="1" name="com.aws.FirstTest" time="3.923" errors="0" timestamp="2025-01-02T22:22:54 IST" skipped="0">
  <testcase classname="com.aws.FirstTest" name="openBrowser" time="3.923"/>
</testsuite> <!-- com.aws.FirstTest -->
