<?xml version="1.0" encoding="UTF-8"?>
<!-- Generated by org.testng.reporters.JUnitReportReporter -->
<testsuite hostname="DESKTOP-3PERPIQ" failures="0" tests="1" name="com.aws.Slider" time="4.163" errors="0" timestamp="2025-02-05T15:20:18 IST" skipped="0">
  <testcase classname="com.aws.Slider" name="Sliding" time="4.163"/>
</testsuite> <!-- com.aws.Slider -->
